0 info it worked if it ends with ok
1 verbose cli [ '/usr/bin/node', '/usr/bin/npm', 'run', 'publish' ]
2 info using npm@3.10.10
3 info using node@v6.11.5
4 verbose run-script [ 'prepublish', 'publish', 'postpublish' ]
5 info lifecycle shower@2.1.9~prepublish: shower@2.1.9
6 silly lifecycle shower@2.1.9~prepublish: no script for prepublish, continuing
7 info lifecycle shower@2.1.9~publish: shower@2.1.9
8 verbose lifecycle shower@2.1.9~publish: unsafe-perm in lifecycle true
9 verbose lifecycle shower@2.1.9~publish: PATH: /usr/lib/node_modules/npm/bin/node-gyp-bin:/home/homm/Code/image-libs-2017/node_modules/.bin:/home/homm/env/env_ucare/bin:/usr/local/sbin:/usr/local/bin:/usr/sbin:/usr/bin:/sbin:/bin:/usr/games:/usr/local/games:./node_modules/.bin
10 verbose lifecycle shower@2.1.9~publish: CWD: /home/homm/Code/image-libs-2017
11 silly lifecycle shower@2.1.9~publish: Args: [ '-c', 'gulp publish' ]
12 silly lifecycle shower@2.1.9~publish: Returned: code: 1  signal: null
13 info lifecycle shower@2.1.9~publish: Failed to exec publish script
14 verbose stack Error: shower@2.1.9 publish: `gulp publish`
14 verbose stack Exit status 1
14 verbose stack     at EventEmitter.<anonymous> (/usr/lib/node_modules/npm/lib/utils/lifecycle.js:255:16)
14 verbose stack     at emitTwo (events.js:106:13)
14 verbose stack     at EventEmitter.emit (events.js:191:7)
14 verbose stack     at ChildProcess.<anonymous> (/usr/lib/node_modules/npm/lib/utils/spawn.js:40:14)
14 verbose stack     at emitTwo (events.js:106:13)
14 verbose stack     at ChildProcess.emit (events.js:191:7)
14 verbose stack     at maybeClose (internal/child_process.js:920:16)
14 verbose stack     at Process.ChildProcess._handle.onexit (internal/child_process.js:230:5)
15 verbose pkgid shower@2.1.9
16 verbose cwd /home/homm/Code/image-libs-2017
17 error Linux 4.4.0-31-generic
18 error argv "/usr/bin/node" "/usr/bin/npm" "run" "publish"
19 error node v6.11.5
20 error npm  v3.10.10
21 error code ELIFECYCLE
22 error shower@2.1.9 publish: `gulp publish`
22 error Exit status 1
23 error Failed at the shower@2.1.9 publish script 'gulp publish'.
23 error Make sure you have the latest version of node.js and npm installed.
23 error If you do, this is most likely a problem with the shower package,
23 error not with npm itself.
23 error Tell the author that this fails on your system:
23 error     gulp publish
23 error You can get information on how to open an issue for this project with:
23 error     npm bugs shower
23 error Or if that isn't available, you can get their info via:
23 error     npm owner ls shower
23 error There is likely additional logging output above.
24 verbose exit [ 1, true ]
